# JRE version: Java(TM) SE Runtime Environment (8.0_144-b01) (build 1.8.0_144-b01)
# Java VM: Java HotSpot(TM) 64-Bit Server VM (25.144-b01 mixed mode windows-amd64 compressed oops)
Heap:
 PSYoungGen      total 76288K, used 7527K [0x000000076ae00000, 0x0000000771d00000, 0x00000007c0000000)
  eden space 65536K, 1% used [0x000000076ae00000,0x000000076aea3da0,0x000000076ee00000)
  from space 10752K, 63% used [0x000000076ee00000,0x000000076f4b60d8,0x000000076f880000)
  to   space 10752K, 0% used [0x0000000771280000,0x0000000771280000,0x0000000771d00000)
 ParOldGen       total 117248K, used 9750K [0x00000006c0a00000, 0x00000006c7c80000, 0x000000076ae00000)
  object space 117248K, 8% used [0x00000006c0a00000,0x00000006c13858b8,0x00000006c7c80000)
 Metaspace       used 27591K, capacity 27964K, committed 28288K, reserved 1073152K
  class space    used 3517K, capacity 3622K, committed 3712K, reserved 1048576K
GC Heap History (8 events):
Event: 1.110 GC heap before
{Heap before GC invocations=1 (full 0):
 PSYoungGen      total 76288K, used 65536K [0x000000076ae00000, 0x0000000770300000, 0x00000007c0000000)
  eden space 65536K, 100% used [0x000000076ae00000,0x000000076ee00000,0x000000076ee00000)
  from space 10752K, 0% used [0x000000076f880000,0x000000076f880000,0x0000000770300000)
  to   space 10752K, 0% used [0x000000076ee00000,0x000000076ee00000,0x000000076f880000)
 ParOldGen       total 175104K, used 0K [0x00000006c0a00000, 0x00000006cb500000, 0x000000076ae00000)
  object space 175104K, 0% used [0x00000006c0a00000,0x00000006c0a00000,0x00000006cb500000)
 Metaspace       used 13481K, capacity 13714K, committed 14080K, reserved 1060864K
  class space    used 1584K, capacity 1681K, committed 1792K, reserved 1048576K
Event: 1.116 GC heap after
Heap after GC invocations=1 (full 0):
 PSYoungGen      total 76288K, used 6827K [0x000000076ae00000, 0x0000000770300000, 0x00000007c0000000)
  eden space 65536K, 0% used [0x000000076ae00000,0x000000076ae00000,0x000000076ee00000)
  from space 10752K, 63% used [0x000000076ee00000,0x000000076f4aae88,0x000000076f880000)
  to   space 10752K, 0% used [0x000000076f880000,0x000000076f880000,0x0000000770300000)
 ParOldGen       total 175104K, used 80K [0x00000006c0a00000, 0x00000006cb500000, 0x000000076ae00000)
  object space 175104K, 0% used [0x00000006c0a00000,0x00000006c0a14010,0x00000006cb500000)
 Metaspace       used 13481K, capacity 13714K, committed 14080K, reserved 1060864K
  class space    used 1584K, capacity 1681K, committed 1792K, reserved 1048576K
}
Event: 1.767 GC heap before
{Heap before GC invocations=2 (full 0):
 PSYoungGen      total 76288K, used 71779K [0x000000076ae00000, 0x0000000770300000, 0x00000007c0000000)
  eden space 65536K, 99% used [0x000000076ae00000,0x000000076ed6df10,0x000000076ee00000)
  from space 10752K, 63% used [0x000000076ee00000,0x000000076f4aae88,0x000000076f880000)
  to   space 10752K, 0% used [0x000000076f880000,0x000000076f880000,0x0000000770300000)
 ParOldGen       total 175104K, used 80K [0x00000006c0a00000, 0x00000006cb500000, 0x000000076ae00000)
  object space 175104K, 0% used [0x00000006c0a00000,0x00000006c0a14010,0x00000006cb500000)
 Metaspace       used 20663K, capacity 21010K, committed 21248K, reserved 1067008K
  class space    used 2580K, capacity 2715K, committed 2816K, reserved 1048576K
Event: 1.774 GC heap after
Heap after GC invocations=2 (full 0):
 PSYoungGen      total 76288K, used 9981K [0x000000076ae00000, 0x0000000770300000, 0x00000007c0000000)
  eden space 65536K, 0% used [0x000000076ae00000,0x000000076ae00000,0x000000076ee00000)
  from space 10752K, 92% used [0x000000076f880000,0x000000077023f768,0x0000000770300000)
  to   space 10752K, 0% used [0x000000076ee00000,0x000000076ee00000,0x000000076f880000)
 ParOldGen       total 175104K, used 96K [0x00000006c0a00000, 0x00000006cb500000, 0x000000076ae00000)
  object space 175104K, 0% used [0x00000006c0a00000,0x00000006c0a18020,0x00000006cb500000)
 Metaspace       used 20663K, capacity 21010K, committed 21248K, reserved 1067008K
  class space    used 2580K, capacity 2715K, committed 2816K, reserved 1048576K
}
Event: 1.774 GC heap before
{Heap before GC invocations=3 (full 1):
 PSYoungGen      total 76288K, used 9981K [0x000000076ae00000, 0x0000000770300000, 0x00000007c0000000)
  eden space 65536K, 0% used [0x000000076ae00000,0x000000076ae00000,0x000000076ee00000)
  from space 10752K, 92% used [0x000000076f880000,0x000000077023f768,0x0000000770300000)
  to   space 10752K, 0% used [0x000000076ee00000,0x000000076ee00000,0x000000076f880000)
 ParOldGen       total 175104K, used 96K [0x00000006c0a00000, 0x00000006cb500000, 0x000000076ae00000)
  object space 175104K, 0% used [0x00000006c0a00000,0x00000006c0a18020,0x00000006cb500000)
 Metaspace       used 20663K, capacity 21010K, committed 21248K, reserved 1067008K
  class space    used 2580K, capacity 2715K, committed 2816K, reserved 1048576K
Event: 1.797 GC heap after
Heap after GC invocations=3 (full 1):
 PSYoungGen      total 76288K, used 0K [0x000000076ae00000, 0x0000000770300000, 0x00000007c0000000)
  eden space 65536K, 0% used [0x000000076ae00000,0x000000076ae00000,0x000000076ee00000)
  from space 10752K, 0% used [0x000000076f880000,0x000000076f880000,0x0000000770300000)
  to   space 10752K, 0% used [0x000000076ee00000,0x000000076ee00000,0x000000076f880000)
 ParOldGen       total 117248K, used 9742K [0x00000006c0a00000, 0x00000006c7c80000, 0x000000076ae00000)
  object space 117248K, 8% used [0x00000006c0a00000,0x00000006c13838b8,0x00000006c7c80000)
 Metaspace       used 20663K, capacity 21010K, committed 21248K, reserved 1067008K
  class space    used 2580K, capacity 2715K, committed 2816K, reserved 1048576K
}
Event: 2.464 GC heap before
{Heap before GC invocations=4 (full 1):
 PSYoungGen      total 76288K, used 65536K [0x000000076ae00000, 0x0000000770300000, 0x00000007c0000000)
  eden space 65536K, 100% used [0x000000076ae00000,0x000000076ee00000,0x000000076ee00000)
  from space 10752K, 0% used [0x000000076f880000,0x000000076f880000,0x0000000770300000)
  to   space 10752K, 0% used [0x000000076ee00000,0x000000076ee00000,0x000000076f880000)
 ParOldGen       total 117248K, used 9742K [0x00000006c0a00000, 0x00000006c7c80000, 0x000000076ae00000)
  object space 117248K, 8% used [0x00000006c0a00000,0x00000006c13838b8,0x00000006c7c80000)
 Metaspace       used 27591K, capacity 27964K, committed 28288K, reserved 1073152K
  class space    used 3517K, capacity 3622K, committed 3712K, reserved 1048576K
Event: 2.472 GC heap after
Heap after GC invocations=4 (full 1):
 PSYoungGen      total 76288K, used 6872K [0x000000076ae00000, 0x0000000771d00000, 0x00000007c0000000)
  eden space 65536K, 0% used [0x000000076ae00000,0x000000076ae00000,0x000000076ee00000)
  from space 10752K, 63% used [0x000000076ee00000,0x000000076f4b60d8,0x000000076f880000)
  to   space 10752K, 0% used [0x0000000771280000,0x0000000771280000,0x0000000771d00000)
 ParOldGen       total 117248K, used 9750K [0x00000006c0a00000, 0x00000006c7c80000, 0x000000076ae00000)
  object space 117248K, 8% used [0x00000006c0a00000,0x00000006c13858b8,0x00000006c7c80000)
 Metaspace       used 27591K, capacity 27964K, committed 28288K, reserved 1073152K
  class space    used 3517K, capacity 3622K, committed 3712K, reserved 1048576K
}

